<?xml version="1.0" encoding="UTF-8"?>
<Site BuildName="Linux-c++"
	BuildStamp="20241230-1346-Experimental"
	Name="SunaaArchieDesktop"
	Generator="ctest-3.31.3"
	CompilerName="/sbin/c++"
	CompilerVersion="14.2.1"
	OSName="Linux"
	Hostname="SunaaArchieDesktop"
	OSRelease="6.12.7-arch1-1"
	OSVersion="#1 SMP PREEMPT_DYNAMIC Fri, 27 Dec 2024 14:24:37 +0000"
	OSPlatform="x86_64"
	Is64Bits="1"
	VendorString="AuthenticAMD"
	VendorID="Advanced Micro Devices"
	FamilyID="25"
	ModelID="97"
	ModelName="AMD Ryzen 9 7950X 16-Core Processor"
	ProcessorCacheSize="1024"
	NumberOfLogicalCPU="32"
	NumberOfPhysicalCPU="16"
	TotalVirtualMemory="16383"
	TotalPhysicalMemory="31229"
	LogicalProcessorsPerPhysical="2"
	ProcessorClockFrequency="3851.89"
	>
	<Testing>
		<StartDateTime>Dec 30 14:46 CET</StartDateTime>
		<StartTestTime>1735566373</StartTestTime>
		<TestList/>
		<EndDateTime>Dec 30 14:46 CET</EndDateTime>
		<EndTestTime>1735566373</EndTestTime>
		<ElapsedMinutes>0</ElapsedMinutes>
	</Testing>
</Site>
